Build started 10/01/2015 23:32:46.
     1>Project "C:\Users\Tiago\Desktop\Rects\Rects\Rects.vcxproj" on node 2 (build target(s)).
     1>InitializeBuildStatus:
         Creating "Debug\Rects.unsuccessfulbuild" because "AlwaysCreate" was specified.
       ClCompile:
         All outputs are up-to-date.
         c:\Program Files (x86)\Microsoft Visual Studio 10.0\VC\bin\CL.exe /c /ZI /nologo /W3 /WX- /Od /Oy- /D WIN32 /D _DEBUG /D _CONSOLE /D _UNICODE /D UNICODE /Gm /EHsc /RTC1 /MDd /GS /fp:precise /Zc:wchar_t /Zc:forScope /Yu"StdAfx.h" /Fp"Debug\Rects.pch" /Fo"Debug\\" /Fd"Debug\vc100.pdb" /Gd /TP /analyze- /errorReport:prompt Ops.cpp
         Ops.cpp
       ManifestResourceCompile:
         All outputs are up-to-date.
       Link:
         c:\Program Files (x86)\Microsoft Visual Studio 10.0\VC\bin\link.exe /ERRORREPORT:PROMPT /OUT:"C:\Users\Tiago\Desktop\Rects\Debug\Rects.exe" /INCREMENTAL /NOLOGO kernel32.lib user32.lib gdi32.lib winspool.lib comdlg32.lib advapi32.lib shell32.lib ole32.lib oleaut32.lib uuid.lib odbc32.lib odbccp32.lib /MANIFEST /ManifestFile:"Debug\Rects.exe.intermediate.manifest" /MANIFESTUAC:"level='asInvoker' uiAccess='false'" /DEBUG /PDB:"C:\Users\Tiago\Desktop\Rects\Debug\Rects.pdb" /SUBSYSTEM:CONSOLE /TLBID:1 /DYNAMICBASE /NXCOMPAT /IMPLIB:"C:\Users\Tiago\Desktop\Rects\Debug\Rects.lib" /MACHINE:X86 Debug\Rects.exe.embed.manifest.res
         Debug\Ops.obj
         Debug\Rects.obj
         Debug\stdafx.obj
       Manifest:
         C:\Program Files (x86)\Microsoft SDKs\Windows\v7.0A\bin\mt.exe /nologo /verbose /out:"Debug\Rects.exe.embed.manifest" /manifest Debug\Rects.exe.intermediate.manifest
         All outputs are up-to-date.
       LinkEmbedManifest:
         All outputs are up-to-date.
         Rects.vcxproj -> C:\Users\Tiago\Desktop\Rects\Debug\Rects.exe
       FinalizeBuildStatus:
         Deleting file "Debug\Rects.unsuccessfulbuild".
         Touching "Debug\Rects.lastbuildstate".
     1>Done Building Project "C:\Users\Tiago\Desktop\Rects\Rects\Rects.vcxproj" (build target(s)).

Build succeeded.

Time Elapsed 00:00:01.26
